Flow report for IITB_RISC
Wed May 11 14:52:59 2022
Quartus Prime Version 20.1.1 Build 720 11/11/2020 SJ Lite Edition


---------------------
; Table of Contents ;
---------------------
  1. Legal Notice
  2. Flow Summary
  3. Flow Settings
  4. Flow Non-Default Global Settings
  5. Flow Elapsed Time
  6. Flow OS Summary
  7. Flow Log
  8. Flow Messages
  9. Flow Suppressed Messages



----------------
; Legal Notice ;
----------------
Copyright (C) 2020  Intel Corporation. All rights reserved.
Your use of Intel Corporation's design tools, logic functions 
and other software and tools, and any partner logic 
functions, and any output files from any of the foregoing 
(including device programming or simulation files), and any 
associated documentation or information are expressly subject 
to the terms and conditions of the Intel Program License 
Subscription Agreement, the Intel Quartus Prime License Agreement,
the Intel FPGA IP License Agreement, or other applicable license
agreement, including, without limitation, that your use is for
the sole purpose of programming logic devices manufactured by
Intel and sold by Intel or its authorized distributors.  Please
refer to the applicable agreement for further details, at
https://fpgasoftware.intel.com/eula.



+---------------------------------------------------------------------+
; Flow Summary                                                        ;
+-----------------------+---------------------------------------------+
; Flow Status           ; Successful - Wed May 11 14:52:59 2022       ;
; Quartus Prime Version ; 20.1.1 Build 720 11/11/2020 SJ Lite Edition ;
; Revision Name         ; IITB_RISC                                   ;
; Top-level Entity Name ; IITB_RISC                                   ;
; Family                ; MAX V                                       ;
; Total logic elements  ; 751 / 1,270 ( 59 % )                        ;
; Total pins            ; 131 / 211 ( 62 % )                          ;
; Total virtual pins    ; 0                                           ;
; UFM blocks            ; 0 / 1 ( 0 % )                               ;
; Device                ; 5M1270ZF256C4                               ;
; Timing Models         ; Final                                       ;
+-----------------------+---------------------------------------------+


+-----------------------------------------+
; Flow Settings                           ;
+-------------------+---------------------+
; Option            ; Setting             ;
+-------------------+---------------------+
; Start date & time ; 05/11/2022 14:52:17 ;
; Main task         ; Compilation         ;
; Revision Name     ; IITB_RISC           ;
+-------------------+---------------------+


+-----------------------------------------------------------------------------------------------------------------------------+
; Flow Non-Default Global Settings                                                                                            ;
+-------------------------------------+----------------------------------------+---------------+-------------+----------------+
; Assignment Name                     ; Value                                  ; Default Value ; Entity Name ; Section Id     ;
+-------------------------------------+----------------------------------------+---------------+-------------+----------------+
; COMPILER_SIGNATURE_ID               ; 1097357981373.165226093719840          ; --            ; --          ; --             ;
; EDA_OUTPUT_DATA_FORMAT              ; Vhdl                                   ; --            ; --          ; eda_simulation ;
; EDA_SIMULATION_TOOL                 ; ModelSim-Altera (VHDL)                 ; <None>        ; --          ; --             ;
; EDA_TIME_SCALE                      ; 1 ps                                   ; --            ; --          ; eda_simulation ;
; FLOW_ENABLE_POWER_ANALYZER          ; On                                     ; Off           ; --          ; --             ;
; PARTITION_COLOR                     ; 16764057                               ; --            ; --          ; Top            ;
; PARTITION_FITTER_PRESERVATION_LEVEL ; PLACEMENT_AND_ROUTING                  ; --            ; --          ; Top            ;
; PARTITION_NETLIST_TYPE              ; SOURCE                                 ; --            ; --          ; Top            ;
; POWER_BOARD_THERMAL_MODEL           ; -- (Not supported for targeted family) ; --            ; --          ; --             ;
; POWER_DEFAULT_INPUT_IO_TOGGLE_RATE  ; 12.5 %                                 ; 12.5%         ; --          ; --             ;
; POWER_PRESET_COOLING_SOLUTION       ; 23 MM HEAT SINK WITH 200 LFPM AIRFLOW  ; --            ; --          ; --             ;
; PROJECT_OUTPUT_DIRECTORY            ; output_files                           ; --            ; --          ; --             ;
+-------------------------------------+----------------------------------------+---------------+-------------+----------------+


+--------------------------------------------------------------------------------------------------------------------------+
; Flow Elapsed Time                                                                                                        ;
+----------------------+--------------+-------------------------+---------------------+------------------------------------+
; Module Name          ; Elapsed Time ; Average Processors Used ; Peak Virtual Memory ; Total CPU Time (on all processors) ;
+----------------------+--------------+-------------------------+---------------------+------------------------------------+
; Analysis & Synthesis ; 00:00:12     ; 1.0                     ; 4758 MB             ; 00:00:12                           ;
; Fitter               ; 00:00:15     ; 1.0                     ; 5364 MB             ; 00:00:05                           ;
; Assembler            ; 00:00:00     ; 1.0                     ; 4664 MB             ; 00:00:00                           ;
; Power Analyzer       ; 00:00:03     ; 1.0                     ; 4688 MB             ; 00:00:01                           ;
; Timing Analyzer      ; 00:00:02     ; 1.0                     ; 4687 MB             ; 00:00:01                           ;
; EDA Netlist Writer   ; 00:00:01     ; 1.0                     ; 4626 MB             ; 00:00:00                           ;
; Total                ; 00:00:33     ; --                      ; --                  ; 00:00:19                           ;
+----------------------+--------------+-------------------------+---------------------+------------------------------------+


+------------------------------------------------------------------------------------+
; Flow OS Summary                                                                    ;
+----------------------+------------------+------------+------------+----------------+
; Module Name          ; Machine Hostname ; OS Name    ; OS Version ; Processor type ;
+----------------------+------------------+------------+------------+----------------+
; Analysis & Synthesis ; Bunnyslappy637   ; Windows 10 ; 10.0       ; x86_64         ;
; Fitter               ; Bunnyslappy637   ; Windows 10 ; 10.0       ; x86_64         ;
; Assembler            ; Bunnyslappy637   ; Windows 10 ; 10.0       ; x86_64         ;
; Power Analyzer       ; Bunnyslappy637   ; Windows 10 ; 10.0       ; x86_64         ;
; Timing Analyzer      ; Bunnyslappy637   ; Windows 10 ; 10.0       ; x86_64         ;
; EDA Netlist Writer   ; Bunnyslappy637   ; Windows 10 ; 10.0       ; x86_64         ;
+----------------------+------------------+------------+------------+----------------+


------------
; Flow Log ;
------------
quartus_map --read_settings_files=on --write_settings_files=off IITB_RISC2022 -c IITB_RISC
quartus_fit --read_settings_files=off --write_settings_files=off IITB_RISC2022 -c IITB_RISC
quartus_asm --read_settings_files=off --write_settings_files=off IITB_RISC2022 -c IITB_RISC
quartus_pow --read_settings_files=off --write_settings_files=off IITB_RISC2022 -c IITB_RISC
quartus_sta IITB_RISC2022 -c IITB_RISC
quartus_eda --read_settings_files=off --write_settings_files=off IITB_RISC2022 -c IITB_RISC



